<?xml version="1.0" encoding="UTF-8"?>
<!-- Generated by org.testng.reporters.JUnitReportReporter -->
<testsuite hostname="DESKTOP-CCQ5338" failures="0" tests="1" name="BaseClass.Base" time="0.020" errors="0" timestamp="9 Sep 2022 07:50:50 GMT">
  <testcase classname="BaseClass.Base" name="Tc1" time="0.020"/>
</testsuite>
